2020-12-09 12:21:53,714 - main - INFO - Game start - main - line 17
2020-12-09 12:22:17,050 - main - INFO - ** Szymon will go first and Hillary will go second **222 - choose_first - line 34
2020-12-09 12:23:10,463 - main - INFO - Game start - main - line 17
2020-12-09 12:23:15,043 - main - INFO - ** Bye will go first and Hi will go second **111 - choose_first - line 38
2020-12-09 12:25:10,467 - main - INFO - Game start - main - line 17
2020-12-09 12:25:14,311 - main - INFO - ** Hi will go first and Bye will go second **111 - choose_first - line 38
2020-12-09 12:28:41,329 - main - INFO - Game start - main - line 17
2020-12-09 12:28:45,472 - main - INFO - ** W will go first and S will go second **111 - choose_first - line 38
2020-12-09 12:29:35,950 - main - INFO - Game start - main - line 17
2020-12-09 12:29:39,191 - main - INFO - ** s will go first and w will go second **222 - choose_first - line 34
2020-12-09 12:30:03,518 - main - INFO - Game start - main - line 17
2020-12-09 12:30:06,309 - main - INFO - ** w will go first and s will go second **111 - choose_first - line 38
2020-12-09 12:30:49,563 - main - INFO - Game start - main - line 17
2020-12-09 12:30:53,270 - main - INFO - ** w will go first and s will go second **111 - choose_first - line 38
2020-12-09 12:33:38,865 - main - INFO - Game start - main - line 17
2020-12-09 12:33:42,605 - main - INFO - ** w will go first and s will go second **111 - choose_first - line 38
2020-12-09 12:34:06,101 - main - INFO - Game start - main - line 17
2020-12-09 12:34:23,101 - main - INFO - Game start - main - line 17
2020-12-09 12:34:25,915 - main - INFO - ** x will go first and o will go second **222 - choose_first - line 34
2020-12-09 12:36:39,735 - main - INFO - Game start - main - line 17
2020-12-09 12:36:41,379 - main - INFO - ** w will go first and s will go second **111 - choose_first - line 38
2020-12-09 12:37:26,973 - main - INFO - Game start - main - line 17
2020-12-09 12:37:30,286 - main - INFO - ** w will go first and s will go second **111 - choose_first - line 38
2020-12-09 12:38:11,272 - main - INFO - Game start - main - line 17
2020-12-09 12:38:13,610 - main - INFO - ** s will go first and w will go second **222 - choose_first - line 34
